  BuildItem.cpp
  CharInfo.cpp
  Curse.cpp
  DXC_ddraw.cpp
  DXC_dinput.cpp
  DXC_dsound.cpp
  Effect.cpp
  Game.cpp
C:\Users\miste\source\repos\HelbreathServer\Client\Game.cpp(14568,27): warning C4805: '==': unsafe mix of type 'BOOL' and type 'bool' in operation
C:\Users\miste\source\repos\HelbreathServer\Client\Game.cpp(17502,32): warning C4805: '==': unsafe mix of type 'int' and type 'bool' in operation
C:\Users\miste\source\repos\HelbreathServer\Client\Game.cpp(17510,32): warning C4805: '==': unsafe mix of type 'int' and type 'bool' in operation
C:\Users\miste\source\repos\HelbreathServer\Client\Game.cpp(17518,32): warning C4805: '==': unsafe mix of type 'int' and type 'bool' in operation
C:\Users\miste\source\repos\HelbreathServer\Client\Game.cpp(17526,33): warning C4805: '==': unsafe mix of type 'int' and type 'bool' in operation
C:\Users\miste\source\repos\HelbreathServer\Client\Game.cpp(17536,33): warning C4805: '==': unsafe mix of type 'int' and type 'bool' in operation
C:\Users\miste\source\repos\HelbreathServer\Client\Game.cpp(17544,33): warning C4805: '==': unsafe mix of type 'int' and type 'bool' in operation
C:\Users\miste\source\repos\HelbreathServer\Client\Game.cpp(18591,21): warning C4805: '==': unsafe mix of type 'BOOL' and type 'bool' in operation
C:\Users\miste\source\repos\HelbreathServer\Client\Game.cpp(25315,33): warning C4805: '==': unsafe mix of type 'int' and type 'bool' in operation
C:\Users\miste\source\repos\HelbreathServer\Client\Game.cpp(28963,16): warning C4805: '==': unsafe mix of type 'BOOL' and type 'bool' in operation
C:\Users\miste\source\repos\HelbreathServer\Client\Game.cpp(31225,38): warning C4805: '!=': unsafe mix of type 'int' and type 'bool' in operation
C:\Users\miste\source\repos\HelbreathServer\Client\Game.cpp(32317,26): warning C4805: '==': unsafe mix of type 'BOOL' and type 'bool' in operation
  GameMonitor.cpp
  Item.cpp
  ItemName.cpp
  Magic.cpp
  MapData.cpp
  Misc.cpp
  MobCounter.cpp
  MouseInterface.cpp
  Msg.cpp
  Mydib.cpp
  Skill.cpp
  SoundBuffer.cpp
  Compiling...
  Sprite.cpp
  StrTok.cpp
  Tile.cpp
  TileSpr.cpp
  Wmain.cpp
C:\Users\miste\source\repos\HelbreathServer\Client\Wmain.cpp(186,23): warning C4477: 'sprintf' : format string '%d' requires an argument of type 'int', but variadic argument 1 has type 'HINSTANCE'
  XSocket.cpp
  YWSound.cpp
LINK : fatal error LNK1181: cannot open input file 'cximage\release\cximage.lib'
